<?xml version="1.0" encoding="UTF-8"?>
<testsuite xmlns:xsi="http://www.w3.org/2001/XMLSchema-instance" xsi:noNamespaceSchemaLocation="https://maven.apache.org/surefire/maven-surefire-plugin/xsd/surefire-test-report-3.0.xsd" version="3.0" name="com.decisionhub.service.impl.CommentServiceImplTest" time="1.684" tests="4" errors="0" skipped="0" failures="0">
  <properties>
[...]
</properties>
  <testcase name="deleteComment_Admin_Success" classname="com.decisionhub.service.impl.CommentServiceImplTest" time="1.535">
    <system-err><![CDATA[WARNING: A Java agent has been loaded dynamically (C:\Users\pabhi\.m2\repository\net\bytebuddy\byte-buddy-agent\1.14.18\byte-buddy-agent-1.14.18.jar)
WARNING: If a serviceability tool is in use, please run with -XX:+EnableDynamicAgentLoading to hide this warning
WARNING: If a serviceability tool is not in use, please run with -Djdk.instrument.traceUsage for more information
WARNING: Dynamic loading of agents will be disallowed by default in a future release
]]></system-err>
  </testcase>
  <testcase name="editComment_Author_Success" classname="com.decisionhub.service.impl.CommentServiceImplTest" time="0.08"/>
  <testcase name="createComment_Success" classname="com.decisionhub.service.impl.CommentServiceImplTest" time="0.01"/>
  <testcase name="deleteComment_UnauthorizedUser_ThrowsForbidden" classname="com.decisionhub.service.impl.CommentServiceImplTest" time="0.007"/>
</testsuite>